<?xml version="1.0" encoding="UTF-8"?>
<testsuite name="l2r.sndbx.Igor.PointTests" tests="1" skipped="0" failures="0" errors="0" timestamp="2021-04-07T10:06:17" hostname="IKOMLEV" time="0.006">
  <properties/>
  <testcase name="testDistance" classname="l2r.sndbx.Igor.PointTests" time="0.006"/>
  <system-out><![CDATA[]]></system-out>
  <system-err><![CDATA[]]></system-err>
</testsuite>
