<?xml version="1.0" encoding="UTF-8"?>
<testsuite name="l2r.sndbx.Igor.SquareTests" tests="1" skipped="0" failures="0" errors="0" timestamp="2021-04-06T12:36:03" hostname="IKOMLEV" time="0.007">
  <properties/>
  <testcase name="testArea" classname="l2r.sndbx.Igor.SquareTests" time="0.007"/>
  <system-out><![CDATA[]]></system-out>
  <system-err><![CDATA[]]></system-err>
</testsuite>
